<?xml version="1.0" encoding="UTF-8"?>
<!-- Generated by org.testng.reporters.JUnitXMLReporter -->
<testsuite hostname="DESKTOP-E47PPVB" name="Default test" tests="5" failures="0" timestamp="11 Feb 2016 14:05:42 GMT" time="31.692" errors="0">
  <testcase name="verifyLoginElementsTest" time="6.941" classname="com.cashkaro.tests.login.LoginTest"/>
  <testcase name="verifyLoginTest" time="8.721" classname="com.cashkaro.tests.login.LoginTest"/>
  <testcase name="verifyInvalidLoginTest" time="3.818" classname="com.cashkaro.tests.login.LoginTest"/>
  <testcase name="verifyInvalidLoginTest" time="3.68" classname="com.cashkaro.tests.login.LoginTest"/>
  <testcase name="verifyInvalidLoginTest" time="3.265" classname="com.cashkaro.tests.login.LoginTest"/>
</testsuite> <!-- Default test -->
